<?xml version="1.0" encoding="utf-8"?><testsuites name="pytest tests"><testsuite name="pytest" errors="0" failures="0" skipped="0" tests="8" time="5.170" timestamp="2026-09-11T13:05:50.550188+00:00" hostname="agent-env-0a423e04-0a8b-46e3-85f1-ccb12c852cac"><testcase classname="tests.test_acceptance_iter4" name="test_capture_artifacts" time="1.288" /><testcase classname="tests.test_acceptance_iter4" name="test_auditor_read_allowed" time="0.649" /><testcase classname="tests.test_acceptance_iter4" name="test_auditor_all_writes_denied" time="0.946" /><testcase classname="tests.test_acceptance_iter4" name="test_no_audit_edit_or_delete_endpoints" time="0.622" /><testcase classname="tests.test_acceptance_iter4" name="test_no_stellar_private_keys_in_codebase" time="0.001" /><testcase classname="tests.test_acceptance_iter4" name="test_package_stellar_not_submitted" time="0.454" /><testcase classname="tests.test_acceptance_iter4" name="test_verify_denied_for_non_verifier_role" time="0.457" /><testcase classname="tests.test_acceptance_iter4" name="test_kpis_dynamic_relative_to_records" time="0.687" /></testsuite></testsuites>