<?xml version="1.0" encoding="utf-8"?><testsuites name="pytest tests"><testsuite name="pytest" errors="0" failures="0" skipped="0" tests="49" time="15.558" timestamp="2026-09-11T13:10:51.186439+00:00" hostname="agent-env-0a423e04-0a8b-46e3-85f1-ccb12c852cac"><testcase classname="tests.test_tugma_backend.TestAuth" name="test_login_admin" time="0.624" /><testcase classname="tests.test_tugma_backend.TestAuth" name="test_login_demo" time="0.411" /><testcase classname="tests.test_tugma_backend.TestAuth" name="test_login_invalid" time="0.376" /><testcase classname="tests.test_tugma_backend.TestAuth" name="test_me_unauth" time="0.159" /><testcase classname="tests.test_tugma_backend.TestAuth" name="test_me_authed" time="0.490" /><testcase classname="tests.test_tugma_backend.TestAuth" name="test_forgot_password_generic" time="0.164" /><testcase classname="tests.test_tugma_backend.TestDashboard" name="test_kpis" time="0.107" /><testcase classname="tests.test_tugma_backend.TestDashboard" name="test_control_health" time="0.098" /><testcase classname="tests.test_tugma_backend.TestControls" name="test_list" time="0.101" /><testcase classname="tests.test_tugma_backend.TestControls" name="test_detail_ctrl_005" time="0.096" /><testcase classname="tests.test_tugma_backend.TestControls" name="test_detail_ctrl_003_not_testable" time="0.095" /><testcase classname="tests.test_tugma_backend.TestControls" name="test_run_appends_history_no_dup_exceptions" time="1.128" /><testcase classname="tests.test_tugma_backend.TestTransactions" name="test_pagination_default" time="0.106" /><testcase classname="tests.test_tugma_backend.TestTransactions" name="test_page_size_cap" time="0.195" /><testcase classname="tests.test_tugma_backend.TestTransactions" name="test_search_by_txn_id" time="0.116" /><testcase classname="tests.test_tugma_backend.TestTransactions" name="test_filter_by_control_and_result" time="0.092" /><testcase classname="tests.test_tugma_backend.TestTransactions" name="test_sort_amount" time="0.101" /><testcase classname="tests.test_tugma_backend.TestTransactions" name="test_hero_transaction" time="0.091" /><testcase classname="tests.test_tugma_backend.TestExceptions" name="test_list_paginated" time="0.093" /><testcase classname="tests.test_tugma_backend.TestExceptions" name="test_filter_by_control" time="0.092" /><testcase classname="tests.test_tugma_backend.TestExceptions" name="test_hero_exception_explainability" time="0.094" /><testcase classname="tests.test_tugma_backend.TestReports" name="test_reports_counts" time="0.102" /><testcase classname="tests.test_tugma_backend.TestOrgAndReg" name="test_organization" time="0.099" /><testcase classname="tests.test_tugma_backend.TestOrgAndReg" name="test_regulatory_sources" time="0.107" /><testcase classname="tests.test_tugma_backend.TestSecurity" name="test_unauth_blocked" time="0.190" /><testcase classname="tests.test_tugma_backend.TestSecurity" name="test_logout" time="0.548" /><testcase classname="tests.test_tugma_phase3.TestEvidenceChain" name="test_chain_shape" time="0.531" /><testcase classname="tests.test_tugma_phase3.TestEvidenceChain" name="test_explainability" time="0.097" /><testcase classname="tests.test_tugma_phase3.TestRBACDeny" name="test_viewer_comment_forbidden" time="0.453" /><testcase classname="tests.test_tugma_phase3.TestRBACDeny" name="test_viewer_audit_forbidden" time="0.082" /><testcase classname="tests.test_tugma_phase3.TestRBACDeny" name="test_viewer_package_forbidden" time="0.090" /><testcase classname="tests.test_tugma_phase3.TestRBACDeny" name="test_auditor_can_read_audit" time="0.456" /><testcase classname="tests.test_tugma_phase3.TestRBACDeny" name="test_auditor_operational_forbidden" time="0.078" /><testcase classname="tests.test_tugma_phase3.TestRBACDeny" name="test_perms_flags_shape" time="0.083" /><testcase classname="tests.test_tugma_phase3.TestHeroFlow" name="test_hero_full_flow" time="1.885" /><testcase classname="tests.test_tugma_phase3.TestEvidenceCompleteness" name="test_completeness_non_zero_after_flow" time="0.093" /><testcase classname="tests.test_tugma_phase3.TestEvidenceCompleteness" name="test_evidence_list_has_hero" time="0.081" /><testcase classname="tests.test_tugma_phase3.TestPackage" name="test_generate_and_deterministic_hash" time="0.219" /><testcase classname="tests.test_tugma_phase3.TestPackage" name="test_stellar_not_submitted" time="0.092" /><testcase classname="tests.test_tugma_phase3.TestAudit" name="test_audit_records_hero_actions" time="0.090" /><testcase classname="tests.test_tugma_phase3.TestDashboardDynamic" name="test_readiness_dynamic" time="0.098" /><testcase classname="tests.test_acceptance_iter4" name="test_capture_artifacts" time="1.208" /><testcase classname="tests.test_acceptance_iter4" name="test_auditor_read_allowed" time="0.714" /><testcase classname="tests.test_acceptance_iter4" name="test_auditor_all_writes_denied" time="0.888" /><testcase classname="tests.test_acceptance_iter4" name="test_no_audit_edit_or_delete_endpoints" time="0.680" /><testcase classname="tests.test_acceptance_iter4" name="test_no_stellar_private_keys_in_codebase" time="0.001" /><testcase classname="tests.test_acceptance_iter4" name="test_package_stellar_not_submitted" time="0.526" /><testcase classname="tests.test_acceptance_iter4" name="test_verify_denied_for_non_verifier_role" time="0.476" /><testcase classname="tests.test_acceptance_iter4" name="test_kpis_dynamic_relative_to_records" time="0.689" /></testsuite></testsuites>