<?xml version="1.0" encoding="utf-8"?><testsuites name="pytest tests"><testsuite name="pytest" errors="0" failures="0" skipped="0" tests="4" time="2.403" timestamp="2026-09-11T13:11:26.334200+00:00" hostname="agent-env-0a423e04-0a8b-46e3-85f1-ccb12c852cac"><testcase classname="tests.test_iter5_role_gate" name="test_auditor_transition_to_in_review_is_403" time="0.548" /><testcase classname="tests.test_iter5_role_gate" name="test_auditor_transition_illegal_target_is_still_403_not_400" time="0.877" /><testcase classname="tests.test_iter5_role_gate" name="test_viewer_transition_is_403" time="0.485" /><testcase classname="tests.test_iter5_role_gate" name="test_payment_ops_verify_is_403" time="0.441" /></testsuite></testsuites>