<?xml version="1.0" encoding="utf-8"?><testsuites name="pytest tests"><testsuite name="pytest" errors="0" failures="3" skipped="0" tests="53" time="72.677" timestamp="2026-09-25T12:11:09.788413+00:00" hostname="agent-env-0a423e04-0a8b-46e3-85f1-ccb12c852cac"><testcase classname="tests.test_acceptance_iter4" name="test_capture_artifacts" time="38.441" /><testcase classname="tests.test_tugma_backend.TestAuth" name="test_login_admin" time="20.137" /><testcase classname="tests.test_tugma_backend.TestAuth" name="test_login_demo" time="30.412" /><testcase classname="tests.test_acceptance_iter4" name="test_auditor_read_allowed" time="0.598" /><testcase classname="tests.test_acceptance_iter4" name="test_auditor_all_writes_denied" time="0.885" /><testcase classname="tests.test_acceptance_iter4" name="test_no_audit_edit_or_delete_endpoints" time="30.559" /><testcase classname="tests.test_tugma_backend.TestAuth" name="test_login_invalid" time="0.420" /><testcase classname="tests.test_tugma_backend.TestAuth" name="test_me_unauth" time="0.159" /><testcase classname="tests.test_tugma_backend.TestAuth" name="test_me_authed" time="0.400" /><testcase classname="tests.test_tugma_backend.TestAuth" name="test_forgot_password_generic" time="0.173" /><testcase classname="tests.test_tugma_backend.TestTransactions" name="test_pagination_default" time="0.068" /><testcase classname="tests.test_tugma_backend.TestTransactions" name="test_page_size_cap" time="0.157" /><testcase classname="tests.test_tugma_backend.TestTransactions" name="test_search_by_txn_id" time="0.094" /><testcase classname="tests.test_tugma_backend.TestTransactions" name="test_filter_by_control_and_result" time="0.078" /><testcase classname="tests.test_tugma_backend.TestTransactions" name="test_sort_amount" time="0.068" /><testcase classname="tests.test_tugma_backend.TestTransactions" name="test_hero_transaction" time="0.063" /><testcase classname="tests.test_tugma_phase3.TestRBACDeny" name="test_viewer_comment_forbidden" time="0.438" /><testcase classname="tests.test_tugma_phase3.TestRBACDeny" name="test_viewer_audit_forbidden" time="0.065" /><testcase classname="tests.test_tugma_phase3.TestRBACDeny" name="test_viewer_package_forbidden" time="0.061" /><testcase classname="tests.test_tugma_phase3.TestRBACDeny" name="test_auditor_can_read_audit" time="0.404" /><testcase classname="tests.test_tugma_phase3.TestRBACDeny" name="test_auditor_operational_forbidden" time="0.065" /><testcase classname="tests.test_tugma_phase3.TestRBACDeny" name="test_perms_flags_shape" time="0.065" /><testcase classname="tests.test_tugma_backend.TestControls" name="test_list" time="0.410" /><testcase classname="tests.test_tugma_backend.TestControls" name="test_detail_ctrl_005" time="0.080" /><testcase classname="tests.test_tugma_backend.TestControls" name="test_detail_ctrl_003_not_testable" time="0.068" /><testcase classname="tests.test_tugma_backend.TestControls" name="test_run_appends_history_no_dup_exceptions" time="0.992" /><testcase classname="tests.test_iter5_role_gate" name="test_auditor_transition_to_in_review_is_403" time="0.408" /><testcase classname="tests.test_iter5_role_gate" name="test_auditor_transition_illegal_target_is_still_403_not_400" time="0.695" /><testcase classname="tests.test_iter5_role_gate" name="test_viewer_transition_is_403" time="0.443" /><testcase classname="tests.test_iter5_role_gate" name="test_payment_ops_verify_is_403" time="0.422" /><testcase classname="tests.test_tugma_backend.TestExceptions" name="test_list_paginated" time="0.406" /><testcase classname="tests.test_tugma_backend.TestExceptions" name="test_filter_by_control" time="0.063" /><testcase classname="tests.test_tugma_backend.TestExceptions" name="test_hero_exception_explainability" time="0.066" /><testcase classname="tests.test_tugma_backend.TestDashboard" name="test_kpis" time="0.070" /><testcase classname="tests.test_tugma_backend.TestDashboard" name="test_control_health" time="0.067" /><testcase classname="tests.test_tugma_backend.TestOrgAndReg" name="test_organization" time="0.062" /><testcase classname="tests.test_tugma_backend.TestOrgAndReg" name="test_regulatory_sources" time="0.071" /><testcase classname="tests.test_tugma_backend.TestSecurity" name="test_unauth_blocked" time="0.119" /><testcase classname="tests.test_tugma_backend.TestSecurity" name="test_logout" time="0.467" /><testcase classname="tests.test_tugma_phase3.TestEvidenceChain" name="test_chain_shape" time="0.442" /><testcase classname="tests.test_tugma_phase3.TestEvidenceChain" name="test_explainability" time="0.065" /><testcase classname="tests.test_tugma_phase3.TestEvidenceCompleteness" name="test_completeness_non_zero_after_flow" time="0.072"><failure message="assert 0 &gt;= 1">tests/test_tugma_phase3.py:207: in test_completeness_non_zero_after_flow
    assert d["exceptions_with_evidence"] &gt;= 1
E   assert 0 &gt;= 1</failure></testcase><testcase classname="tests.test_tugma_phase3.TestEvidenceCompleteness" name="test_evidence_list_has_hero" time="0.117"><failure message="assert False&#10; +  where False = any(&lt;generator object TestEvidenceCompleteness.test_evidence_list_has_hero.&lt;locals&gt;.&lt;genexpr&gt; at 0xfa26faadb140&gt;)">tests/test_tugma_phase3.py:215: in test_evidence_list_has_hero
    assert any(ev["name"].startswith("TEST_") for ev in evs)
E   assert False
E    +  where False = any(&lt;generator object TestEvidenceCompleteness.test_evidence_list_has_hero.&lt;locals&gt;.&lt;genexpr&gt; at 0xfa26faadb140&gt;)</failure></testcase><testcase classname="tests.test_tugma_phase3.TestPackage" name="test_generate_and_deterministic_hash" time="0.482"><failure message="assert 0 &gt;= 1">tests/test_tugma_phase3.py:230: in test_generate_and_deterministic_hash
    assert p1["evidence_count"] &gt;= 1
E   assert 0 &gt;= 1</failure></testcase><testcase classname="tests.test_tugma_phase3.TestPackage" name="test_stellar_not_submitted" time="0.067" /><testcase classname="tests.test_tugma_backend.TestReports" name="test_reports_counts" time="0.409" /><testcase classname="tests.test_tugma_phase3.TestHeroFlow" name="test_hero_full_flow" time="1.529" /><testcase classname="tests.test_tugma_phase3.TestAudit" name="test_audit_records_hero_actions" time="0.687" /><testcase classname="tests.test_tugma_phase3.TestDashboardDynamic" name="test_readiness_dynamic" time="0.084" /><testcase classname="tests.test_acceptance_iter4" name="test_no_stellar_private_keys_in_codebase" time="0.004" /><testcase classname="tests.test_acceptance_iter4" name="test_package_stellar_not_submitted" time="0.430" /><testcase classname="tests.test_acceptance_iter4" name="test_verify_denied_for_non_verifier_role" time="0.429" /><testcase classname="tests.test_acceptance_iter4" name="test_kpis_dynamic_relative_to_records" time="0.556" /></testsuite></testsuites>