<?xml version="1.0" encoding="utf-8"?><testsuites name="pytest tests"><testsuite name="pytest" errors="0" failures="4" skipped="1" tests="53" time="15.195" timestamp="2026-09-25T12:34:15.096631+00:00" hostname="agent-env-0a423e04-0a8b-46e3-85f1-ccb12c852cac"><testcase classname="tests.test_tugma_backend.TestAuth" name="test_login_admin" time="0.578" /><testcase classname="tests.test_tugma_backend.TestAuth" name="test_login_demo" time="0.390" /><testcase classname="tests.test_tugma_backend.TestAuth" name="test_login_invalid" time="0.373" /><testcase classname="tests.test_tugma_backend.TestAuth" name="test_me_unauth" time="0.151" /><testcase classname="tests.test_tugma_backend.TestAuth" name="test_me_authed" time="0.435" /><testcase classname="tests.test_tugma_backend.TestAuth" name="test_forgot_password_generic" time="0.143" /><testcase classname="tests.test_tugma_backend.TestDashboard" name="test_kpis" time="0.072" /><testcase classname="tests.test_tugma_backend.TestDashboard" name="test_control_health" time="0.071" /><testcase classname="tests.test_tugma_backend.TestControls" name="test_list" time="0.066" /><testcase classname="tests.test_tugma_backend.TestControls" name="test_detail_ctrl_005" time="0.079" /><testcase classname="tests.test_tugma_backend.TestControls" name="test_detail_ctrl_003_not_testable" time="0.071" /><testcase classname="tests.test_tugma_backend.TestControls" name="test_run_appends_history_no_dup_exceptions" time="0.958" /><testcase classname="tests.test_tugma_backend.TestTransactions" name="test_pagination_default" time="0.076" /><testcase classname="tests.test_tugma_backend.TestTransactions" name="test_page_size_cap" time="0.151" /><testcase classname="tests.test_tugma_backend.TestTransactions" name="test_search_by_txn_id" time="0.095" /><testcase classname="tests.test_tugma_backend.TestTransactions" name="test_filter_by_control_and_result" time="0.070" /><testcase classname="tests.test_tugma_backend.TestTransactions" name="test_sort_amount" time="0.073" /><testcase classname="tests.test_tugma_backend.TestTransactions" name="test_hero_transaction" time="0.071" /><testcase classname="tests.test_tugma_backend.TestExceptions" name="test_list_paginated" time="0.117" /><testcase classname="tests.test_tugma_backend.TestExceptions" name="test_filter_by_control" time="0.065" /><testcase classname="tests.test_tugma_backend.TestExceptions" name="test_hero_exception_explainability" time="0.067" /><testcase classname="tests.test_tugma_backend.TestReports" name="test_reports_counts" time="0.080" /><testcase classname="tests.test_tugma_backend.TestOrgAndReg" name="test_organization" time="0.157" /><testcase classname="tests.test_tugma_backend.TestOrgAndReg" name="test_regulatory_sources" time="0.073" /><testcase classname="tests.test_tugma_backend.TestSecurity" name="test_unauth_blocked" time="0.151" /><testcase classname="tests.test_tugma_backend.TestSecurity" name="test_logout" time="0.466" /><testcase classname="tests.test_tugma_phase3.TestEvidenceChain" name="test_chain_shape" time="0.458" /><testcase classname="tests.test_tugma_phase3.TestEvidenceChain" name="test_explainability" time="0.078" /><testcase classname="tests.test_tugma_phase3.TestRBACDeny" name="test_viewer_comment_forbidden" time="0.492" /><testcase classname="tests.test_tugma_phase3.TestRBACDeny" name="test_viewer_audit_forbidden" time="0.068" /><testcase classname="tests.test_tugma_phase3.TestRBACDeny" name="test_viewer_package_forbidden" time="0.076" /><testcase classname="tests.test_tugma_phase3.TestRBACDeny" name="test_auditor_can_read_audit" time="0.414" /><testcase classname="tests.test_tugma_phase3.TestRBACDeny" name="test_auditor_operational_forbidden" time="0.073" /><testcase classname="tests.test_tugma_phase3.TestRBACDeny" name="test_perms_flags_shape" time="0.068" /><testcase classname="tests.test_tugma_phase3.TestHeroFlow" name="test_hero_full_flow" time="0.840"><skipped type="pytest.skip" message="Exception already advanced past OPEN (status=VERIFIED); flow re-run skipped.">/app/backend/tests/test_tugma_phase3.py:130: Exception already advanced past OPEN (status=VERIFIED); flow re-run skipped.</skipped></testcase><testcase classname="tests.test_tugma_phase3.TestEvidenceCompleteness" name="test_completeness_non_zero_after_flow" time="0.096"><failure message="assert 0 &gt;= 1">tests/test_tugma_phase3.py:207: in test_completeness_non_zero_after_flow
    assert d["exceptions_with_evidence"] &gt;= 1
E   assert 0 &gt;= 1</failure></testcase><testcase classname="tests.test_tugma_phase3.TestEvidenceCompleteness" name="test_evidence_list_has_hero" time="0.078"><failure message="assert False&#10; +  where False = any(&lt;generator object TestEvidenceCompleteness.test_evidence_list_has_hero.&lt;locals&gt;.&lt;genexpr&gt; at 0xfdb7e6c9ef80&gt;)">tests/test_tugma_phase3.py:215: in test_evidence_list_has_hero
    assert any(ev["name"].startswith("TEST_") for ev in evs)
E   assert False
E    +  where False = any(&lt;generator object TestEvidenceCompleteness.test_evidence_list_has_hero.&lt;locals&gt;.&lt;genexpr&gt; at 0xfdb7e6c9ef80&gt;)</failure></testcase><testcase classname="tests.test_tugma_phase3.TestPackage" name="test_generate_and_deterministic_hash" time="0.126"><failure message="assert 0 &gt;= 1">tests/test_tugma_phase3.py:230: in test_generate_and_deterministic_hash
    assert p1["evidence_count"] &gt;= 1
E   assert 0 &gt;= 1</failure></testcase><testcase classname="tests.test_tugma_phase3.TestPackage" name="test_stellar_not_submitted" time="0.088" /><testcase classname="tests.test_tugma_phase3.TestAudit" name="test_audit_records_hero_actions" time="0.098" /><testcase classname="tests.test_tugma_phase3.TestDashboardDynamic" name="test_readiness_dynamic" time="0.096"><failure message="assert 0 &gt;= 1">tests/test_tugma_phase3.py:268: in test_readiness_dynamic
    assert d["evidence_readiness"] &gt;= 1
E   assert 0 &gt;= 1</failure></testcase><testcase classname="tests.test_acceptance_iter4" name="test_capture_artifacts" time="1.001" /><testcase classname="tests.test_acceptance_iter4" name="test_auditor_read_allowed" time="0.593" /><testcase classname="tests.test_acceptance_iter4" name="test_auditor_all_writes_denied" time="0.877" /><testcase classname="tests.test_acceptance_iter4" name="test_no_audit_edit_or_delete_endpoints" time="0.879" /><testcase classname="tests.test_acceptance_iter4" name="test_no_stellar_private_keys_in_codebase" time="0.001" /><testcase classname="tests.test_acceptance_iter4" name="test_package_stellar_not_submitted" time="0.428" /><testcase classname="tests.test_acceptance_iter4" name="test_verify_denied_for_non_verifier_role" time="0.429" /><testcase classname="tests.test_acceptance_iter4" name="test_kpis_dynamic_relative_to_records" time="0.574" /><testcase classname="tests.test_iter5_role_gate" name="test_auditor_transition_to_in_review_is_403" time="0.412" /><testcase classname="tests.test_iter5_role_gate" name="test_auditor_transition_illegal_target_is_still_403_not_400" time="0.794" /><testcase classname="tests.test_iter5_role_gate" name="test_viewer_transition_is_403" time="0.438" /><testcase classname="tests.test_iter5_role_gate" name="test_payment_ops_verify_is_403" time="0.407" /></testsuite></testsuites>