<?xml version="1.0" encoding="utf-8"?><testsuites name="pytest tests"><testsuite name="pytest" errors="0" failures="0" skipped="1" tests="15" time="3.200" timestamp="2026-09-11T12:54:07.070946+00:00" hostname="agent-env-0a423e04-0a8b-46e3-85f1-ccb12c852cac"><testcase classname="tests.test_tugma_phase3.TestEvidenceChain" name="test_chain_shape" time="0.480" /><testcase classname="tests.test_tugma_phase3.TestEvidenceChain" name="test_explainability" time="0.078" /><testcase classname="tests.test_tugma_phase3.TestRBACDeny" name="test_viewer_comment_forbidden" time="0.428" /><testcase classname="tests.test_tugma_phase3.TestRBACDeny" name="test_viewer_audit_forbidden" time="0.070" /><testcase classname="tests.test_tugma_phase3.TestRBACDeny" name="test_viewer_package_forbidden" time="0.104" /><testcase classname="tests.test_tugma_phase3.TestRBACDeny" name="test_auditor_can_read_audit" time="0.430" /><testcase classname="tests.test_tugma_phase3.TestRBACDeny" name="test_auditor_operational_forbidden" time="0.077" /><testcase classname="tests.test_tugma_phase3.TestRBACDeny" name="test_perms_flags_shape" time="0.076" /><testcase classname="tests.test_tugma_phase3.TestHeroFlow" name="test_hero_full_flow" time="0.783"><skipped type="pytest.skip" message="Exception already advanced past OPEN (status=VERIFIED); flow re-run skipped.">/app/backend/tests/test_tugma_phase3.py:130: Exception already advanced past OPEN (status=VERIFIED); flow re-run skipped.</skipped></testcase><testcase classname="tests.test_tugma_phase3.TestEvidenceCompleteness" name="test_completeness_non_zero_after_flow" time="0.081" /><testcase classname="tests.test_tugma_phase3.TestEvidenceCompleteness" name="test_evidence_list_has_hero" time="0.080" /><testcase classname="tests.test_tugma_phase3.TestPackage" name="test_generate_and_deterministic_hash" time="0.195" /><testcase classname="tests.test_tugma_phase3.TestPackage" name="test_stellar_not_submitted" time="0.089" /><testcase classname="tests.test_tugma_phase3.TestAudit" name="test_audit_records_hero_actions" time="0.080" /><testcase classname="tests.test_tugma_phase3.TestDashboardDynamic" name="test_readiness_dynamic" time="0.091" /></testsuite></testsuites>