<?xml version="1.0" encoding="utf-8"?><testsuites name="pytest tests"><testsuite name="pytest" errors="0" failures="0" skipped="0" tests="15" time="4.602" timestamp="2026-09-11T13:03:15.671992+00:00" hostname="agent-env-0a423e04-0a8b-46e3-85f1-ccb12c852cac"><testcase classname="tests.test_tugma_phase3.TestEvidenceChain" name="test_chain_shape" time="0.534" /><testcase classname="tests.test_tugma_phase3.TestEvidenceChain" name="test_explainability" time="0.082" /><testcase classname="tests.test_tugma_phase3.TestRBACDeny" name="test_viewer_comment_forbidden" time="0.492" /><testcase classname="tests.test_tugma_phase3.TestRBACDeny" name="test_viewer_audit_forbidden" time="0.090" /><testcase classname="tests.test_tugma_phase3.TestRBACDeny" name="test_viewer_package_forbidden" time="0.093" /><testcase classname="tests.test_tugma_phase3.TestRBACDeny" name="test_auditor_can_read_audit" time="0.504" /><testcase classname="tests.test_tugma_phase3.TestRBACDeny" name="test_auditor_operational_forbidden" time="0.095" /><testcase classname="tests.test_tugma_phase3.TestRBACDeny" name="test_perms_flags_shape" time="0.093" /><testcase classname="tests.test_tugma_phase3.TestHeroFlow" name="test_hero_full_flow" time="1.929" /><testcase classname="tests.test_tugma_phase3.TestEvidenceCompleteness" name="test_completeness_non_zero_after_flow" time="0.088" /><testcase classname="tests.test_tugma_phase3.TestEvidenceCompleteness" name="test_evidence_list_has_hero" time="0.077" /><testcase classname="tests.test_tugma_phase3.TestPackage" name="test_generate_and_deterministic_hash" time="0.216" /><testcase classname="tests.test_tugma_phase3.TestPackage" name="test_stellar_not_submitted" time="0.080" /><testcase classname="tests.test_tugma_phase3.TestAudit" name="test_audit_records_hero_actions" time="0.077" /><testcase classname="tests.test_tugma_phase3.TestDashboardDynamic" name="test_readiness_dynamic" time="0.100" /></testsuite></testsuites>