<?xml version="1.0" encoding="utf-8"?><testsuites name="pytest tests"><testsuite name="pytest" errors="0" failures="0" skipped="0" tests="26" time="5.486" timestamp="2026-09-11T13:03:26.395699+00:00" hostname="agent-env-0a423e04-0a8b-46e3-85f1-ccb12c852cac"><testcase classname="tests.test_tugma_backend.TestAuth" name="test_login_admin" time="0.406" /><testcase classname="tests.test_tugma_backend.TestAuth" name="test_login_demo" time="0.398" /><testcase classname="tests.test_tugma_backend.TestAuth" name="test_login_invalid" time="0.368" /><testcase classname="tests.test_tugma_backend.TestAuth" name="test_me_unauth" time="0.151" /><testcase classname="tests.test_tugma_backend.TestAuth" name="test_me_authed" time="0.427" /><testcase classname="tests.test_tugma_backend.TestAuth" name="test_forgot_password_generic" time="0.172" /><testcase classname="tests.test_tugma_backend.TestDashboard" name="test_kpis" time="0.089" /><testcase classname="tests.test_tugma_backend.TestDashboard" name="test_control_health" time="0.090" /><testcase classname="tests.test_tugma_backend.TestControls" name="test_list" time="0.076" /><testcase classname="tests.test_tugma_backend.TestControls" name="test_detail_ctrl_005" time="0.083" /><testcase classname="tests.test_tugma_backend.TestControls" name="test_detail_ctrl_003_not_testable" time="0.085" /><testcase classname="tests.test_tugma_backend.TestControls" name="test_run_appends_history_no_dup_exceptions" time="1.045" /><testcase classname="tests.test_tugma_backend.TestTransactions" name="test_pagination_default" time="0.088" /><testcase classname="tests.test_tugma_backend.TestTransactions" name="test_page_size_cap" time="0.154" /><testcase classname="tests.test_tugma_backend.TestTransactions" name="test_search_by_txn_id" time="0.100" /><testcase classname="tests.test_tugma_backend.TestTransactions" name="test_filter_by_control_and_result" time="0.073" /><testcase classname="tests.test_tugma_backend.TestTransactions" name="test_sort_amount" time="0.084" /><testcase classname="tests.test_tugma_backend.TestTransactions" name="test_hero_transaction" time="0.075" /><testcase classname="tests.test_tugma_backend.TestExceptions" name="test_list_paginated" time="0.307" /><testcase classname="tests.test_tugma_backend.TestExceptions" name="test_filter_by_control" time="0.079" /><testcase classname="tests.test_tugma_backend.TestExceptions" name="test_hero_exception_explainability" time="0.077" /><testcase classname="tests.test_tugma_backend.TestReports" name="test_reports_counts" time="0.082" /><testcase classname="tests.test_tugma_backend.TestOrgAndReg" name="test_organization" time="0.074" /><testcase classname="tests.test_tugma_backend.TestOrgAndReg" name="test_regulatory_sources" time="0.087" /><testcase classname="tests.test_tugma_backend.TestSecurity" name="test_unauth_blocked" time="0.190" /><testcase classname="tests.test_tugma_backend.TestSecurity" name="test_logout" time="0.569" /></testsuite></testsuites>