<?xml version="1.0" encoding="utf-8"?><testsuites name="pytest tests"><testsuite name="pytest" errors="0" failures="0" skipped="0" tests="18" time="3.097" timestamp="2026-09-11T12:13:52.157592+00:00" hostname="agent-env-0a423e04-0a8b-46e3-85f1-ccb12c852cac"><testcase classname="tests.test_tugma_backend.TestAuth" name="test_login_admin" time="0.735" /><testcase classname="tests.test_tugma_backend.TestDomain" name="test_organization" time="0.809" /><testcase classname="tests.test_tugma_backend.TestAuth" name="test_login_demo_compliance" time="0.380" /><testcase classname="tests.test_tugma_backend.TestDomain" name="test_regulatory_sources" time="0.299" /><testcase classname="tests.test_tugma_backend.TestDomain" name="test_controls" time="0.073" /><testcase classname="tests.test_tugma_backend.TestAuth" name="test_login_invalid" time="0.366" /><testcase classname="tests.test_tugma_backend.TestDomain" name="test_transactions" time="0.075" /><testcase classname="tests.test_tugma_backend.TestDomain" name="test_exceptions" time="0.224" /><testcase classname="tests.test_tugma_backend.TestAuth" name="test_me_requires_auth" time="0.128" /><testcase classname="tests.test_tugma_backend.TestDomain" name="test_evidence" time="0.072" /><testcase classname="tests.test_tugma_backend.TestDomain" name="test_reports_with_stellar" time="0.076" /><testcase classname="tests.test_tugma_backend.TestDomain" name="test_stellar_attestations" time="0.072" /><testcase classname="tests.test_tugma_backend.TestDomain" name="test_unauthenticated_blocked" time="0.259" /><testcase classname="tests.test_tugma_backend.TestDashboard" name="test_dashboard_kpis" time="0.072" /><testcase classname="tests.test_tugma_backend.TestAuth" name="test_me_with_session" time="0.466" /><testcase classname="tests.test_tugma_backend.TestLogout" name="test_logout" time="0.539" /><testcase classname="tests.test_tugma_backend.TestAuth" name="test_forgot_password_generic" time="0.315" /><testcase classname="tests.test_tugma_backend.TestAuth" name="test_forgot_password_registered" time="0.148" /></testsuite></testsuites>