<?xml version="1.0" encoding="utf-8"?><testsuites name="pytest tests"><testsuite name="pytest" errors="0" failures="0" skipped="0" tests="7" time="3.994" timestamp="2026-09-25T12:33:52.780029+00:00" hostname="agent-env-0a423e04-0a8b-46e3-85f1-ccb12c852cac"><testcase classname="tests.test_seed_admin_rename" name="test_00_initial_state_single_admin" time="0.236" /><testcase classname="tests.test_seed_admin_rename" name="test_01_rename_when_admin_email_changed_to_fresh_email" time="0.011" /><testcase classname="tests.test_seed_admin_rename" name="test_02_existing_email_no_rename_no_duplicate" time="0.462" /><testcase classname="tests.test_seed_admin_rename" name="test_03_password_update_when_mismatch" time="1.361" /><testcase classname="tests.test_seed_admin_rename" name="test_04_guard_when_multiple_admins_do_not_rename" time="0.689" /><testcase classname="tests.test_seed_admin_rename" name="test_05_demo_users_seeded_idempotently" time="0.468" /><testcase classname="tests.test_seed_admin_rename" name="test_06_final_state_admin_login_intact" time="0.457" /></testsuite></testsuites>